{"/Users/rae/water_sim/water_sim_js/src/cell.ts": {"path":"/Users/rae/water_sim/water_sim_js/src/cell.ts","statementMap":{"0":{"start":{"line":10,"column":4},"end":{"line":10,"column":null}},"1":{"start":{"line":11,"column":4},"end":{"line":11,"column":null}},"2":{"start":{"line":12,"column":4},"end":{"line":12,"column":null}},"3":{"start":{"line":16,"column":4},"end":{"line":23,"column":null}},"4":{"start":{"line":18,"column":8},"end":{"line":18,"column":null}},"5":{"start":{"line":20,"column":8},"end":{"line":20,"column":null}},"6":{"start":{"line":22,"column":8},"end":{"line":22,"column":null}},"7":{"start":{"line":28,"column":4},"end":{"line":31,"column":null}},"8":{"start":{"line":30,"column":8},"end":{"line":30,"column":null}},"9":{"start":{"line":32,"column":4},"end":{"line":34,"column":null}},"10":{"start":{"line":33,"column":6},"end":{"line":33,"column":null}},"11":{"start":{"line":35,"column":4},"end":{"line":35,"column":null}},"12":{"start":{"line":3,"column":0},"end":{"line":3,"column":13}}},"fnMap":{"0":{"name":"(anonymous_0)","decl":{"start":{"line":9,"column":2},"end":{"line":9,"column":14}},"loc":{"start":{"line":9,"column":55},"end":{"line":13,"column":3}}},"1":{"name":"(anonymous_1)","decl":{"start":{"line":15,"column":2},"end":{"line":15,"column":9}},"loc":{"start":{"line":15,"column":9},"end":{"line":25,"column":3}}},"2":{"name":"(anonymous_2)","decl":{"start":{"line":27,"column":10},"end":{"line":27,"column":19}},"loc":{"start":{"line":27,"column":45},"end":{"line":36,"column":3}}}},"branchMap":{"0":{"loc":{"start":{"line":17,"column":6},"end":{"line":18,"column":null}},"type":"switch","locations":[{"start":{"line":17,"column":6},"end":{"line":18,"column":null}},{"start":{"line":19,"column":6},"end":{"line":20,"column":null}},{"start":{"line":21,"column":6},"end":{"line":22,"column":null}}]},"1":{"loc":{"start":{"line":28,"column":4},"end":{"line":31,"column":null}},"type":"if","locations":[{"start":{"line":28,"column":4},"end":{"line":31,"column":null}},{"start":{"line":28,"column":4},"end":{"line":31,"column":null}}]},"2":{"loc":{"start":{"line":28,"column":8},"end":{"line":28,"column":61}},"type":"binary-expr","locations":[{"start":{"line":28,"column":8},"end":{"line":28,"column":61}},{"start":{"line":29,"column":9},"end":{"line":29,"column":61}}]},"3":{"loc":{"start":{"line":32,"column":4},"end":{"line":34,"column":null}},"type":"if","locations":[{"start":{"line":32,"column":4},"end":{"line":34,"column":null}},{"start":{"line":32,"column":4},"end":{"line":34,"column":null}}]}},"s":{"0":4,"1":4,"2":4,"3":3,"4":1,"5":1,"6":1,"7":3,"8":1,"9":2,"10":1,"11":1,"12":1},"f":{"0":4,"1":3,"2":3},"b":{"0":[1,1,1],"1":[1,2],"2":[3,2],"3":[1,1]}}
}
